<?xml version="1.0" encoding="UTF-8"?>
<!-- Generated by org.testng.reporters.JUnitXMLReporter -->
<testsuite hostname="Raina" ignored="0" name="IETest" tests="3" failures="0" timestamp="2020-07-23T22:16:31 IST" time="20.816" errors="0">
  <testcase name="@BeforeTest initializeDriver" time="20.73" classname="resoucres.TestBase">
    <failure type="org.openqa.selenium.WebDriverException" message="Timed out waiting for driver server to start.
Build info: version: &amp;apos;3.141.59&amp;apos;, revision: &amp;apos;e82be7d358&amp;apos;, time: &amp;apos;2018-11-14T08:17:03&amp;apos;
System info: host: &amp;apos;RAINA&amp;apos;, ip: &amp;apos;192.168.1.11&amp;apos;, os.name: &amp;apos;Windows 8.1&amp;apos;, os.arch: &amp;apos;amd64&amp;apos;, os.version: &amp;apos;6.3&amp;apos;, java.version: &amp;apos;1.8.0_251&amp;apos;
Driver info: driver.version: InternetExplorerDriver">
      <![CDATA[org.openqa.selenium.WebDriverException: Timed out waiting for driver server to start.
Build info: version: '3.141.59', revision: 'e82be7d358', time: '2018-11-14T08:17:03'
System info: host: 'RAINA', ip: '192.168.1.11', os.name: 'Windows 8.1', os.arch: 'amd64', os.version: '6.3', java.version: '1.8.0_251'
Driver info: driver.version: InternetExplorerDriver
at org.openqa.selenium.remote.service.DriverService.waitUntilAvailable(DriverService.java:202)
at org.openqa.selenium.remote.service.DriverService.start(DriverService.java:188)
at org.openqa.selenium.remote.service.DriverCommandExecutor.execute(DriverCommandExecutor.java:79)
at org.openqa.selenium.remote.RemoteWebDriver.execute(RemoteWebDriver.java:552)
at org.openqa.selenium.remote.RemoteWebDriver.startSession(RemoteWebDriver.java:213)
at org.openqa.selenium.ie.InternetExplorerDriver.run(InternetExplorerDriver.java:221)
at org.openqa.selenium.ie.InternetExplorerDriver.<init>(InternetExplorerDriver.java:213)
at org.openqa.selenium.ie.InternetExplorerDriver.<init>(InternetExplorerDriver.java:150)
at resoucres.TestBase.initializeDriver(TestBase.java:41)
at java.util.concurrent.FutureTask.run(FutureTask.java:266)
at java.util.concurrent.ThreadPoolExecutor.runWorker(ThreadPoolExecutor.java:1149)
at java.util.concurrent.ThreadPoolExecutor$Worker.run(ThreadPoolExecutor.java:624)
at java.lang.Thread.run(Thread.java:748)
Caused by: org.openqa.selenium.net.UrlChecker$TimeoutException: Timed out waiting for [http://localhost:4856/status] to be available after 20001 ms
at org.openqa.selenium.net.UrlChecker.waitUntilAvailable(UrlChecker.java:100)
at org.openqa.selenium.remote.service.DriverService.waitUntilAvailable(DriverService.java:197)
... 27 more
Caused by: java.util.concurrent.TimeoutException
at java.util.concurrent.FutureTask.get(FutureTask.java:205)
at com.google.common.util.concurrent.SimpleTimeLimiter.callWithTimeout(SimpleTimeLimiter.java:156)
at org.openqa.selenium.net.UrlChecker.waitUntilAvailable(UrlChecker.java:75)
... 28 more
... Removed 15 stack frames]]>
    </failure>
  </testcase> <!-- @BeforeTest initializeDriver -->
  <testcase name="@BeforeClass setUp" time="-1.595522790492E9" classname="testClasses.E2E.Test_01_Login">
    <skipped/>
  </testcase> <!-- @BeforeClass setUp -->
  <testcase name="@AfterTest tearDown" time="-1.595522790548E9" classname="testClasses.E2E.Test_01_Login">
    <skipped/>
  </testcase> <!-- @AfterTest tearDown -->
  <testcase name="getBasePage" time="0.0" classname="testClasses.E2E.Test_01_Login">
    <skipped/>
  </testcase> <!-- getBasePage -->
  <testcase name="createLoginCredentials" time="0.0" classname="testClasses.E2E.Test_01_Login">
    <skipped/>
  </testcase> <!-- createLoginCredentials -->
  <testcase name="createLoginCredentials" time="0.0" classname="testClasses.E2E.Test_01_Login">
    <skipped/>
  </testcase> <!-- createLoginCredentials -->
</testsuite> <!-- IETest -->
