<?xml version="1.0" encoding="UTF-8"?>
<!-- Generated by org.testng.reporters.JUnitXMLReporter -->
<testsuite hostname="Raina" ignored="0" name="RegressionTest" tests="2" failures="2" timestamp="2020-07-24T02:19:06 IST" time="24.828" errors="0">
  <testcase name="getBasePage" time="7.915" classname="testClasses.E2E.Test_01_Login">
    <failure type="java.lang.NullPointerException">
      <![CDATA[java.lang.NullPointerException
at pageObjectsClasses.PageObj_01_Login.<init>(PageObj_01_Login.java:20)
at testClasses.E2E.Test_01_Login.getBasePage(Test_01_Login.java:46)
at java.util.ArrayList.forEach(ArrayList.java:1257)
at java.util.concurrent.FutureTask.run(FutureTask.java:266)
at java.util.concurrent.ThreadPoolExecutor.runWorker(ThreadPoolExecutor.java:1149)
at java.util.concurrent.ThreadPoolExecutor$Worker.run(ThreadPoolExecutor.java:624)
at java.lang.Thread.run(Thread.java:748)
... Removed 18 stack frames]]>
    </failure>
  </testcase> <!-- getBasePage -->
  <testcase name="getBasePage" time="8.108" classname="testClasses.E2E.Test_01_Login">
    <failure type="java.lang.NullPointerException">
      <![CDATA[java.lang.NullPointerException
at resoucres.TestBase.getScreenshotpath(TestBase.java:78)
at testClasses.E2E.Listeners.onTestFailure(Listeners.java:59)
at java.util.ArrayList.forEach(ArrayList.java:1257)
at java.util.concurrent.FutureTask.run(FutureTask.java:266)
at java.util.concurrent.ThreadPoolExecutor.runWorker(ThreadPoolExecutor.java:1149)
at java.util.concurrent.ThreadPoolExecutor$Worker.run(ThreadPoolExecutor.java:624)
at java.lang.Thread.run(Thread.java:748)
... Removed 15 stack frames]]>
    </failure>
  </testcase> <!-- getBasePage -->
</testsuite> <!-- RegressionTest -->
